INFO 2025-09-18 04:15:48,249 autoreload 57709 140704315424192 Watching for file changes with StatReloader
INFO 2025-09-18 04:20:03,999 autoreload 57709 140704315424192 /Users/youshi/Desktop/projects/biid/melty-pointapp/biid-pointapp-salute/backend/core/migrations/0013_add_social_functionality.py changed, reloading.
INFO 2025-09-18 04:20:04,674 autoreload 58085 140704315424192 Watching for file changes with StatReloader
INFO 2025-09-18 04:20:04,674 autoreload 58084 140704315424192 Watching for file changes with StatReloader
INFO 2025-09-18 04:20:14,299 autoreload 58129 140704315424192 Watching for file changes with StatReloader
INFO 2025-09-18 04:21:25,675 autoreload 58375 140704315424192 Watching for file changes with StatReloader
INFO 2025-09-18 04:50:46,767 autoreload 58084 140704315424192 /Users/youshi/Desktop/projects/biid/melty-pointapp/biid-pointapp-salute/backend/pointapp/settings.py changed, reloading.
INFO 2025-09-18 04:50:46,770 autoreload 58375 140704315424192 /Users/youshi/Desktop/projects/biid/melty-pointapp/biid-pointapp-salute/backend/pointapp/settings.py changed, reloading.
INFO 2025-09-18 06:24:19,126 autoreload 69072 140704315424192 Watching for file changes with StatReloader
INFO 2025-09-18 06:29:18,989 autoreload 69672 140704315424192 Watching for file changes with StatReloader
INFO 2025-09-18 06:57:51,414 autoreload 69672 140704315424192 /Users/youshi/Desktop/projects/biid/melty-pointapp/biid-pointapp-salute/backend/core/models.py changed, reloading.
INFO 2025-09-18 06:57:51,425 autoreload 69072 140704315424192 /Users/youshi/Desktop/projects/biid/melty-pointapp/biid-pointapp-salute/backend/core/models.py changed, reloading.
INFO 2025-09-18 06:57:52,780 autoreload 73066 140704315424192 Watching for file changes with StatReloader
INFO 2025-09-18 06:57:52,785 autoreload 73065 140704315424192 Watching for file changes with StatReloader
WARNING 2025-09-18 07:09:52,851 log 74119 140704315424192 Not Found: /api/
WARNING 2025-09-18 07:09:53,045 log 74119 140704315424192 Not Found: /api/totp/
WARNING 2025-09-18 07:10:13,372 log 74202 140704315424192 Not Found: /api/fincode/
WARNING 2025-09-18 07:10:39,242 log 74294 140704315424192 Method Not Allowed (GET): /api/fincode/payment/initiate/
INFO 2025-09-18 12:29:56,589 autoreload 73066 140704315424192 /Users/youshi/Desktop/projects/biid/melty-pointapp/biid-pointapp-salute/backend/pointapp/settings.py changed, reloading.
INFO 2025-09-18 12:29:56,592 autoreload 73065 140704315424192 /Users/youshi/Desktop/projects/biid/melty-pointapp/biid-pointapp-salute/backend/pointapp/settings.py changed, reloading.
INFO 2025-09-18 12:29:58,096 autoreload 96129 140704315424192 Watching for file changes with StatReloader
INFO 2025-09-18 12:29:58,096 autoreload 96130 140704315424192 Watching for file changes with StatReloader
INFO 2025-09-18 12:32:12,353 autoreload 96129 140704315424192 /Users/youshi/Desktop/projects/biid/melty-pointapp/biid-pointapp-salute/backend/core/admin.py changed, reloading.
INFO 2025-09-18 12:32:13,261 autoreload 96542 140704315424192 Watching for file changes with StatReloader
INFO 2025-09-18 12:32:47,349 autoreload 96542 140704315424192 /Users/youshi/Desktop/projects/biid/melty-pointapp/biid-pointapp-salute/backend/core/admin.py changed, reloading.
INFO 2025-09-18 12:32:48,237 autoreload 96655 140704315424192 Watching for file changes with StatReloader
INFO 2025-09-18 12:33:40,959 autoreload 96655 140704315424192 /Users/youshi/Desktop/projects/biid/melty-pointapp/biid-pointapp-salute/backend/core/fincode_service.py changed, reloading.
INFO 2025-09-18 12:33:42,142 autoreload 96907 140704315424192 Watching for file changes with StatReloader
INFO 2025-09-18 12:34:44,199 autoreload 96907 140704315424192 /Users/youshi/Desktop/projects/biid/melty-pointapp/biid-pointapp-salute/backend/pointapp/settings.py changed, reloading.
INFO 2025-09-18 12:34:46,066 autoreload 97038 140704315424192 Watching for file changes with StatReloader
INFO 2025-09-18 12:55:20,333 autoreload 97038 140704315424192 /Users/youshi/Desktop/projects/biid/melty-pointapp/biid-pointapp-salute/backend/core/admin.py changed, reloading.
INFO 2025-09-18 12:55:21,778 autoreload 98853 140704315424192 Watching for file changes with StatReloader
ERROR 2025-09-18 12:59:30,991 exception 99684 140704315424192 Invalid HTTP_HOST header: 'testserver'. You may need to add 'testserver' to ALLOWED_HOSTS.
Traceback (most recent call last):
  File "/Users/youshi/opt/anaconda3/lib/python3.8/site-packages/django/core/handlers/exception.py", line 55, in inner
    response = get_response(request)
  File "/Users/youshi/opt/anaconda3/lib/python3.8/site-packages/django/utils/deprecation.py", line 133, in __call__
    response = self.process_request(request)
  File "/Users/youshi/opt/anaconda3/lib/python3.8/site-packages/django/middleware/security.py", line 28, in process_request
    host = self.redirect_host or request.get_host()
  File "/Users/youshi/opt/anaconda3/lib/python3.8/site-packages/django/http/request.py", line 167, in get_host
    raise DisallowedHost(msg)
django.core.exceptions.DisallowedHost: Invalid HTTP_HOST header: 'testserver'. You may need to add 'testserver' to ALLOWED_HOSTS.
WARNING 2025-09-18 12:59:31,891 log 99684 140704315424192 Bad Request: /
ERROR 2025-09-18 12:59:31,892 exception 99684 140704315424192 Invalid HTTP_HOST header: 'testserver'. You may need to add 'testserver' to ALLOWED_HOSTS.
Traceback (most recent call last):
  File "/Users/youshi/opt/anaconda3/lib/python3.8/site-packages/django/core/handlers/exception.py", line 55, in inner
    response = get_response(request)
  File "/Users/youshi/opt/anaconda3/lib/python3.8/site-packages/django/utils/deprecation.py", line 133, in __call__
    response = self.process_request(request)
  File "/Users/youshi/opt/anaconda3/lib/python3.8/site-packages/django/middleware/security.py", line 28, in process_request
    host = self.redirect_host or request.get_host()
  File "/Users/youshi/opt/anaconda3/lib/python3.8/site-packages/django/http/request.py", line 167, in get_host
    raise DisallowedHost(msg)
django.core.exceptions.DisallowedHost: Invalid HTTP_HOST header: 'testserver'. You may need to add 'testserver' to ALLOWED_HOSTS.
WARNING 2025-09-18 12:59:31,893 log 99684 140704315424192 Bad Request: /admin/
ERROR 2025-09-18 12:59:31,893 exception 99684 140704315424192 Invalid HTTP_HOST header: 'testserver'. You may need to add 'testserver' to ALLOWED_HOSTS.
Traceback (most recent call last):
  File "/Users/youshi/opt/anaconda3/lib/python3.8/site-packages/django/core/handlers/exception.py", line 55, in inner
    response = get_response(request)
  File "/Users/youshi/opt/anaconda3/lib/python3.8/site-packages/django/utils/deprecation.py", line 133, in __call__
    response = self.process_request(request)
  File "/Users/youshi/opt/anaconda3/lib/python3.8/site-packages/django/middleware/security.py", line 28, in process_request
    host = self.redirect_host or request.get_host()
  File "/Users/youshi/opt/anaconda3/lib/python3.8/site-packages/django/http/request.py", line 167, in get_host
    raise DisallowedHost(msg)
django.core.exceptions.DisallowedHost: Invalid HTTP_HOST header: 'testserver'. You may need to add 'testserver' to ALLOWED_HOSTS.
WARNING 2025-09-18 12:59:31,894 log 99684 140704315424192 Bad Request: /api/status/
ERROR 2025-09-18 12:59:31,894 exception 99684 140704315424192 Invalid HTTP_HOST header: 'testserver'. You may need to add 'testserver' to ALLOWED_HOSTS.
Traceback (most recent call last):
  File "/Users/youshi/opt/anaconda3/lib/python3.8/site-packages/django/core/handlers/exception.py", line 55, in inner
    response = get_response(request)
  File "/Users/youshi/opt/anaconda3/lib/python3.8/site-packages/django/utils/deprecation.py", line 133, in __call__
    response = self.process_request(request)
  File "/Users/youshi/opt/anaconda3/lib/python3.8/site-packages/django/middleware/security.py", line 28, in process_request
    host = self.redirect_host or request.get_host()
  File "/Users/youshi/opt/anaconda3/lib/python3.8/site-packages/django/http/request.py", line 167, in get_host
    raise DisallowedHost(msg)
django.core.exceptions.DisallowedHost: Invalid HTTP_HOST header: 'testserver'. You may need to add 'testserver' to ALLOWED_HOSTS.
WARNING 2025-09-18 12:59:31,895 log 99684 140704315424192 Bad Request: /api/fincode/payment/initiate/
INFO 2025-09-18 12:59:40,957 autoreload 98853 140704315424192 /Users/youshi/Desktop/projects/biid/melty-pointapp/biid-pointapp-salute/backend/pointapp/settings.py changed, reloading.
INFO 2025-09-18 12:59:41,737 autoreload 99751 140704315424192 Watching for file changes with StatReloader
ERROR 2025-09-18 12:59:54,546 exception 99796 140704315424192 Invalid HTTP_HOST header: 'testserver'. You may need to add 'testserver' to ALLOWED_HOSTS.
Traceback (most recent call last):
  File "/Users/youshi/opt/anaconda3/lib/python3.8/site-packages/django/core/handlers/exception.py", line 55, in inner
    response = get_response(request)
  File "/Users/youshi/opt/anaconda3/lib/python3.8/site-packages/django/utils/deprecation.py", line 133, in __call__
    response = self.process_request(request)
  File "/Users/youshi/opt/anaconda3/lib/python3.8/site-packages/django/middleware/security.py", line 28, in process_request
    host = self.redirect_host or request.get_host()
  File "/Users/youshi/opt/anaconda3/lib/python3.8/site-packages/django/http/request.py", line 167, in get_host
    raise DisallowedHost(msg)
django.core.exceptions.DisallowedHost: Invalid HTTP_HOST header: 'testserver'. You may need to add 'testserver' to ALLOWED_HOSTS.
WARNING 2025-09-18 12:59:55,605 log 99796 140704315424192 Bad Request: /api/status/
ERROR 2025-09-18 12:59:55,607 exception 99796 140704315424192 Invalid HTTP_HOST header: 'testserver'. You may need to add 'testserver' to ALLOWED_HOSTS.
Traceback (most recent call last):
  File "/Users/youshi/opt/anaconda3/lib/python3.8/site-packages/django/core/handlers/exception.py", line 55, in inner
    response = get_response(request)
  File "/Users/youshi/opt/anaconda3/lib/python3.8/site-packages/django/utils/deprecation.py", line 133, in __call__
    response = self.process_request(request)
  File "/Users/youshi/opt/anaconda3/lib/python3.8/site-packages/django/middleware/security.py", line 28, in process_request
    host = self.redirect_host or request.get_host()
  File "/Users/youshi/opt/anaconda3/lib/python3.8/site-packages/django/http/request.py", line 167, in get_host
    raise DisallowedHost(msg)
django.core.exceptions.DisallowedHost: Invalid HTTP_HOST header: 'testserver'. You may need to add 'testserver' to ALLOWED_HOSTS.
WARNING 2025-09-18 12:59:55,607 log 99796 140704315424192 Bad Request: /admin/
ERROR 2025-09-18 13:20:02,425 exception 4006 140704315424192 Invalid HTTP_HOST header: 'testserver'. You may need to add 'testserver' to ALLOWED_HOSTS.
Traceback (most recent call last):
  File "/Users/youshi/opt/anaconda3/lib/python3.8/site-packages/django/core/handlers/exception.py", line 55, in inner
    response = get_response(request)
  File "/Users/youshi/opt/anaconda3/lib/python3.8/site-packages/django/utils/deprecation.py", line 133, in __call__
    response = self.process_request(request)
  File "/Users/youshi/opt/anaconda3/lib/python3.8/site-packages/django/middleware/security.py", line 28, in process_request
    host = self.redirect_host or request.get_host()
  File "/Users/youshi/opt/anaconda3/lib/python3.8/site-packages/django/http/request.py", line 167, in get_host
    raise DisallowedHost(msg)
django.core.exceptions.DisallowedHost: Invalid HTTP_HOST header: 'testserver'. You may need to add 'testserver' to ALLOWED_HOSTS.
WARNING 2025-09-18 13:20:04,625 log 4006 140704315424192 Bad Request: /api/
INFO 2025-09-18 13:55:36,890 autoreload 9531 140704315424192 Watching for file changes with StatReloader
INFO 2025-09-18 13:57:41,677 basehttp 99751 123145547620352 "GET /admin/ HTTP/1.1" 301 0
INFO 2025-09-18 13:58:52,907 autoreload 9995 140704315424192 Watching for file changes with StatReloader
INFO 2025-09-18 14:02:57,153 basehttp 99751 123145547620352 "GET /admin/ HTTP/1.1" 301 0
INFO 2025-09-18 14:18:04,044 basehttp 99751 123145547620352 "GET /admin/ HTTP/1.1" 301 0
INFO 2025-09-18 14:18:04,069 basehttp 99751 123145581199360 code 400, message Bad request version ('z®©¦Þ@')
ERROR 2025-09-18 14:18:04,085 basehttp 99751 123145581199360 You're accessing the development server over HTTPS, but it only supports HTTP.
INFO 2025-09-18 14:18:04,108 basehttp 99751 123145547620352 code 400, message Bad request version ('localhost\x00')
ERROR 2025-09-18 14:18:04,109 basehttp 99751 123145547620352 You're accessing the development server over HTTPS, but it only supports HTTP.
INFO 2025-09-18 14:18:22,240 basehttp 99751 123145547620352 code 400, message Bad request version ('0ú±S8')
ERROR 2025-09-18 14:18:22,240 basehttp 99751 123145547620352 You're accessing the development server over HTTPS, but it only supports HTTP.
INFO 2025-09-18 14:18:22,243 basehttp 99751 123145547620352 code 400, message Bad HTTP/0.9 request type ('\x16\x03\x01\x06ò\x01\x00\x06î\x03\x03ÐÛ=\x02úÄb®]¡,Vx¾d\x02F\x8a\x8dßLvÇ²!Å\x90ºAb&\x93')
ERROR 2025-09-18 14:18:22,244 basehttp 99751 123145547620352 You're accessing the development server over HTTPS, but it only supports HTTP.
INFO 2025-09-18 14:19:37,159 autoreload 11591 140704315424192 Watching for file changes with StatReloader
INFO 2025-09-18 14:20:21,671 autoreload 11859 140704315424192 Watching for file changes with StatReloader
INFO 2025-09-18 14:20:58,807 autoreload 12003 140704315424192 Watching for file changes with StatReloader
INFO 2025-09-18 14:47:06,784 autoreload 14624 140704315424192 Watching for file changes with StatReloader
INFO 2025-09-18 14:52:40,182 autoreload 15135 140704315424192 Watching for file changes with StatReloader
INFO 2025-09-18 14:54:46,332 basehttp 15135 123145478619136 "HEAD /admin/ HTTP/1.1" 302 0
INFO 2025-09-18 14:54:52,773 basehttp 15135 123145478619136 "GET /admin/ HTTP/1.1" 302 0
INFO 2025-09-18 14:54:52,884 basehttp 15135 123145478619136 "GET /admin/login/?next=/admin/ HTTP/1.1" 200 4048
INFO 2025-09-18 14:54:52,933 basehttp 15135 123145478619136 "GET /static/admin/css/base.css HTTP/1.1" 200 21207
INFO 2025-09-18 14:54:52,949 basehttp 15135 123145512198144 "GET /static/admin/css/login.css HTTP/1.1" 200 958
INFO 2025-09-18 14:54:52,950 basehttp 15135 123145495408640 "GET /static/admin/css/dark_mode.css HTTP/1.1" 200 2929
INFO 2025-09-18 14:54:52,951 basehttp 15135 123145528987648 "GET /static/admin/css/responsive.css HTTP/1.1" 200 18557
INFO 2025-09-18 14:54:52,952 basehttp 15135 123145545777152 "GET /static/admin/js/theme.js HTTP/1.1" 200 1943
WARNING 2025-09-18 14:54:54,951 log 15135 123145545777152 Not Found: /sw-mock.js
WARNING 2025-09-18 14:54:54,952 basehttp 15135 123145545777152 "GET /sw-mock.js HTTP/1.1" 404 3566
INFO 2025-09-18 14:55:25,850 basehttp 15135 123145562566656 "HEAD /admin/ HTTP/1.1" 302 0
INFO 2025-09-18 14:55:55,841 basehttp 15135 123145562566656 "HEAD /admin/ HTTP/1.1" 302 0
INFO 2025-09-18 14:56:25,841 basehttp 15135 123145562566656 "HEAD /admin/ HTTP/1.1" 302 0
INFO 2025-09-18 14:56:55,841 basehttp 15135 123145562566656 "HEAD /admin/ HTTP/1.1" 302 0
INFO 2025-09-18 14:57:25,839 basehttp 15135 123145562566656 "HEAD /admin/ HTTP/1.1" 302 0
INFO 2025-09-18 14:57:55,839 basehttp 15135 123145562566656 "HEAD /admin/ HTTP/1.1" 302 0
INFO 2025-09-18 14:58:25,838 basehttp 15135 123145562566656 "HEAD /admin/ HTTP/1.1" 302 0
INFO 2025-09-18 14:58:55,837 basehttp 15135 123145562566656 "HEAD /admin/ HTTP/1.1" 302 0
INFO 2025-09-18 14:59:25,836 basehttp 15135 123145562566656 "HEAD /admin/ HTTP/1.1" 302 0
INFO 2025-09-18 14:59:55,835 basehttp 15135 123145562566656 "HEAD /admin/ HTTP/1.1" 302 0
INFO 2025-09-18 15:00:25,836 basehttp 15135 123145562566656 "HEAD /admin/ HTTP/1.1" 302 0
INFO 2025-09-18 15:00:55,833 basehttp 15135 123145562566656 "HEAD /admin/ HTTP/1.1" 302 0
INFO 2025-09-18 15:01:25,833 basehttp 15135 123145562566656 "HEAD /admin/ HTTP/1.1" 302 0
INFO 2025-09-18 15:01:55,831 basehttp 15135 123145562566656 "HEAD /admin/ HTTP/1.1" 302 0
INFO 2025-09-18 15:02:25,832 basehttp 15135 123145562566656 "HEAD /admin/ HTTP/1.1" 302 0
INFO 2025-09-18 15:02:37,269 basehttp 15135 123145478619136 "GET /admin/ HTTP/1.1" 302 0
INFO 2025-09-18 15:02:37,290 basehttp 15135 123145478619136 "GET /admin/login/?next=/admin/ HTTP/1.1" 200 4048
WARNING 2025-09-18 15:02:38,893 log 15135 123145478619136 Not Found: /sw-mock.js
WARNING 2025-09-18 15:02:38,894 basehttp 15135 123145478619136 "GET /sw-mock.js HTTP/1.1" 404 3566
INFO 2025-09-18 15:02:55,830 basehttp 15135 123145562566656 "HEAD /admin/ HTTP/1.1" 302 0
INFO 2025-09-18 15:03:25,829 basehttp 15135 123145562566656 "HEAD /admin/ HTTP/1.1" 302 0
INFO 2025-09-18 15:09:27,689 autoreload 15135 140704315424192 /Users/youshi/Desktop/projects/biid/melty-pointapp/biid-pointapp-salute/backend/pointapp/urls.py changed, reloading.
INFO 2025-09-18 15:09:28,837 autoreload 16599 140704315424192 Watching for file changes with StatReloader
INFO 2025-09-18 15:12:04,283 autoreload 16912 140704315424192 Watching for file changes with StatReloader
INFO 2025-09-18 15:14:08,631 basehttp 16912 123145382641664 "HEAD /admin/ HTTP/1.1" 302 0
INFO 2025-09-18 15:14:13,919 basehttp 16912 123145382641664 "HEAD /production-admin/ HTTP/1.1" 302 0
INFO 2025-09-18 15:23:40,338 basehttp 16912 123145382641664 "GET /admin/ HTTP/1.1" 302 0
INFO 2025-09-18 15:23:40,415 basehttp 16912 123145382641664 "GET /admin/login/?next=/admin/ HTTP/1.1" 200 4048
WARNING 2025-09-18 15:23:42,095 log 16912 123145382641664 Not Found: /sw-mock.js
WARNING 2025-09-18 15:23:42,095 basehttp 16912 123145382641664 "GET /sw-mock.js HTTP/1.1" 404 3568
INFO 2025-09-18 15:40:58,101 basehttp 16912 123145399431168 "GET /production-admin/ HTTP/1.1" 302 0
INFO 2025-09-18 15:40:58,131 basehttp 16912 123145399431168 "GET /admin/login/?next=/production-admin/ HTTP/1.1" 200 4070
WARNING 2025-09-18 15:40:59,733 log 16912 123145399431168 Not Found: /sw-mock.js
WARNING 2025-09-18 15:40:59,733 basehttp 16912 123145399431168 "GET /sw-mock.js HTTP/1.1" 404 3568
INFO 2025-09-18 15:41:21,623 basehttp 16912 123145399431168 "POST /admin/login/?next=/production-admin/ HTTP/1.1" 302 0
ERROR 2025-09-18 15:41:21,704 log 16912 123145399431168 Internal Server Error: /production-admin/
Traceback (most recent call last):
  File "/Users/youshi/opt/anaconda3/lib/python3.8/site-packages/django/core/handlers/exception.py", line 55, in inner
    response = get_response(request)
  File "/Users/youshi/opt/anaconda3/lib/python3.8/site-packages/django/core/handlers/base.py", line 197, in _get_response
    response = wrapped_callback(request, *callback_args, **callback_kwargs)
  File "/Users/youshi/opt/anaconda3/lib/python3.8/site-packages/django/contrib/auth/decorators.py", line 23, in _wrapper_view
    return view_func(request, *args, **kwargs)
  File "/Users/youshi/Desktop/projects/biid/melty-pointapp/biid-pointapp-salute/backend/core/production_admin_views.py", line 34, in production_dashboard
    'gift_exchanges': DigitalGiftPurchase.objects.filter(
  File "/Users/youshi/opt/anaconda3/lib/python3.8/site-packages/django/db/models/manager.py", line 87, in manager_method
    return getattr(self.get_queryset(), name)(*args, **kwargs)
  File "/Users/youshi/opt/anaconda3/lib/python3.8/site-packages/django/db/models/query.py", line 1436, in filter
    return self._filter_or_exclude(False, args, kwargs)
  File "/Users/youshi/opt/anaconda3/lib/python3.8/site-packages/django/db/models/query.py", line 1454, in _filter_or_exclude
    clone._filter_or_exclude_inplace(negate, args, kwargs)
  File "/Users/youshi/opt/anaconda3/lib/python3.8/site-packages/django/db/models/query.py", line 1461, in _filter_or_exclude_inplace
    self._query.add_q(Q(*args, **kwargs))
  File "/Users/youshi/opt/anaconda3/lib/python3.8/site-packages/django/db/models/sql/query.py", line 1498, in add_q
    clause, _ = self._add_q(q_object, self.used_aliases)
  File "/Users/youshi/opt/anaconda3/lib/python3.8/site-packages/django/db/models/sql/query.py", line 1529, in _add_q
    child_clause, needed_inner = self.build_filter(
  File "/Users/youshi/opt/anaconda3/lib/python3.8/site-packages/django/db/models/sql/query.py", line 1379, in build_filter
    lookups, parts, reffed_expression = self.solve_lookup_type(arg, summarize)
  File "/Users/youshi/opt/anaconda3/lib/python3.8/site-packages/django/db/models/sql/query.py", line 1189, in solve_lookup_type
    _, field, _, lookup_parts = self.names_to_path(lookup_splitted, self.get_meta())
  File "/Users/youshi/opt/anaconda3/lib/python3.8/site-packages/django/db/models/sql/query.py", line 1677, in names_to_path
    raise FieldError(
django.core.exceptions.FieldError: Cannot resolve keyword 'created_at' into field. Choices are: brand, brand_id, commission, commission_tax, expire_at, gift_code, gift_url, id, partner_request_id, partner_response, points_used, price, purchase_id_record, purchase_id_record_id, purchased_at, status, total_cost, usage_logs, used_at, user, user_id
ERROR 2025-09-18 15:41:21,707 basehttp 16912 123145399431168 "GET /production-admin/ HTTP/1.1" 500 119338
WARNING 2025-09-18 15:41:23,734 log 16912 123145399431168 Not Found: /sw-mock.js
WARNING 2025-09-18 15:41:23,735 basehttp 16912 123145399431168 "GET /sw-mock.js HTTP/1.1" 404 3568
INFO 2025-09-18 15:43:03,031 basehttp 16912 123145416220672 "HEAD /production-admin/ HTTP/1.1" 302 0
INFO 2025-09-18 15:59:00,629 basehttp 16912 123145382641664 "GET /admin/ HTTP/1.1" 200 10504
INFO 2025-09-18 15:59:00,679 basehttp 16912 123145382641664 "GET /static/admin/css/dashboard.css HTTP/1.1" 200 441
INFO 2025-09-18 15:59:00,687 basehttp 16912 123145399431168 "GET /static/admin/img/icon-changelink.svg HTTP/1.1" 200 380
INFO 2025-09-18 15:59:00,687 basehttp 16912 123145382641664 "GET /static/admin/img/icon-addlink.svg HTTP/1.1" 200 331
WARNING 2025-09-18 15:59:02,653 log 16912 123145399431168 Not Found: /sw-mock.js
WARNING 2025-09-18 15:59:02,654 basehttp 16912 123145399431168 "GET /sw-mock.js HTTP/1.1" 404 3568
INFO 2025-09-18 16:00:51,379 basehttp 16912 123145399431168 "GET /test/ HTTP/1.1" 200 19468
INFO 2025-09-18 16:00:51,436 basehttp 16912 123145399431168 "GET /api/get-totp/ HTTP/1.1" 200 89
WARNING 2025-09-18 16:00:53,422 log 16912 123145399431168 Not Found: /sw-mock.js
WARNING 2025-09-18 16:00:53,423 basehttp 16912 123145399431168 "GET /sw-mock.js HTTP/1.1" 404 3568
INFO 2025-09-18 16:01:21,409 basehttp 16912 123145399431168 "GET /api/get-totp/ HTTP/1.1" 200 89
INFO 2025-09-18 16:01:51,415 basehttp 16912 123145399431168 "GET /api/get-totp/ HTTP/1.1" 200 89
INFO 2025-09-18 16:02:21,409 basehttp 16912 123145399431168 "GET /api/get-totp/ HTTP/1.1" 200 89
INFO 2025-09-18 16:02:51,413 basehttp 16912 123145399431168 "GET /api/get-totp/ HTTP/1.1" 200 89
INFO 2025-09-18 16:03:21,409 basehttp 16912 123145399431168 "GET /api/get-totp/ HTTP/1.1" 200 89
INFO 2025-09-18 16:03:51,410 basehttp 16912 123145399431168 "GET /api/get-totp/ HTTP/1.1" 200 89
INFO 2025-09-18 16:04:21,410 basehttp 16912 123145399431168 "GET /api/get-totp/ HTTP/1.1" 200 89
INFO 2025-09-18 16:04:51,394 basehttp 16912 123145399431168 "GET /api/get-totp/ HTTP/1.1" 200 89
INFO 2025-09-18 16:05:21,390 basehttp 16912 123145399431168 "GET /api/get-totp/ HTTP/1.1" 200 89
INFO 2025-09-18 16:05:51,391 basehttp 16912 123145399431168 "GET /api/get-totp/ HTTP/1.1" 200 89
INFO 2025-09-18 16:06:21,392 basehttp 16912 123145399431168 "GET /api/get-totp/ HTTP/1.1" 200 89
INFO 2025-09-18 16:06:51,390 basehttp 16912 123145399431168 "GET /api/get-totp/ HTTP/1.1" 200 89
INFO 2025-09-18 16:07:21,391 basehttp 16912 123145399431168 "GET /api/get-totp/ HTTP/1.1" 200 89
INFO 2025-09-18 16:07:51,395 basehttp 16912 123145399431168 "GET /api/get-totp/ HTTP/1.1" 200 89
INFO 2025-09-18 16:08:21,390 basehttp 16912 123145399431168 "GET /api/get-totp/ HTTP/1.1" 200 89
INFO 2025-09-18 16:08:51,393 basehttp 16912 123145399431168 "GET /api/get-totp/ HTTP/1.1" 200 89
INFO 2025-09-18 16:09:21,392 basehttp 16912 123145399431168 "GET /api/get-totp/ HTTP/1.1" 200 89
INFO 2025-09-18 16:09:51,400 basehttp 16912 123145399431168 "GET /api/get-totp/ HTTP/1.1" 200 89
INFO 2025-09-18 16:10:21,394 basehttp 16912 123145399431168 "GET /api/get-totp/ HTTP/1.1" 200 89
INFO 2025-09-18 16:10:51,395 basehttp 16912 123145399431168 "GET /api/get-totp/ HTTP/1.1" 200 89
INFO 2025-09-18 16:11:21,399 basehttp 16912 123145399431168 "GET /api/get-totp/ HTTP/1.1" 200 89
INFO 2025-09-18 16:11:51,400 basehttp 16912 123145399431168 "GET /api/get-totp/ HTTP/1.1" 200 89
INFO 2025-09-18 16:12:21,392 basehttp 16912 123145399431168 "GET /api/get-totp/ HTTP/1.1" 200 89
INFO 2025-09-18 16:12:51,394 basehttp 16912 123145399431168 "GET /api/get-totp/ HTTP/1.1" 200 89
INFO 2025-09-18 16:13:21,395 basehttp 16912 123145399431168 "GET /api/get-totp/ HTTP/1.1" 200 89
INFO 2025-09-18 16:15:05,974 basehttp 16912 123145382641664 "HEAD /admin/settings/ HTTP/1.1" 302 0
INFO 2025-09-18 16:18:22,402 autoreload 16912 140704315424192 /Users/youshi/Desktop/projects/biid/melty-pointapp/biid-pointapp-salute/backend/pointapp/urls.py changed, reloading.
INFO 2025-09-18 16:18:23,427 autoreload 22392 140704315424192 Watching for file changes with StatReloader
INFO 2025-09-18 16:18:29,654 autoreload 22392 140704315424192 /Users/youshi/Desktop/projects/biid/melty-pointapp/biid-pointapp-salute/backend/pointapp/urls.py changed, reloading.
INFO 2025-09-18 16:18:30,227 autoreload 22394 140704315424192 Watching for file changes with StatReloader
INFO 2025-09-18 19:40:29,366 autoreload 38273 140704315424192 Watching for file changes with StatReloader
WARNING 2025-09-18 19:42:40,013 log 38273 123145467936768 Method Not Allowed: /api/auth/login/customer/
WARNING 2025-09-18 19:42:40,017 basehttp 38273 123145467936768 "GET /api/auth/login/customer/ HTTP/1.1" 405 40
WARNING 2025-09-18 19:45:53,971 log 38273 123145467936768 Bad Request: /api/auth/login/customer/
WARNING 2025-09-18 19:45:53,973 basehttp 38273 123145467936768 "POST /api/auth/login/customer/ HTTP/1.1" 400 94
WARNING 2025-09-18 19:46:06,703 log 38273 123145467936768 Bad Request: /api/auth/login/store/
WARNING 2025-09-18 19:46:06,705 basehttp 38273 123145467936768 "POST /api/auth/login/store/ HTTP/1.1" 400 94
WARNING 2025-09-18 19:46:16,976 log 38273 123145467936768 Bad Request: /api/auth/login/admin/
WARNING 2025-09-18 19:46:16,978 basehttp 38273 123145467936768 "POST /api/auth/login/admin/ HTTP/1.1" 400 94
WARNING 2025-09-18 19:46:27,762 log 38273 123145467936768 Bad Request: /api/auth/login/terminal/
WARNING 2025-09-18 19:46:27,763 basehttp 38273 123145467936768 "POST /api/auth/login/terminal/ HTTP/1.1" 400 75
INFO 2025-09-18 19:50:16,818 basehttp 38273 123145467936768 "HEAD /production-admin/ HTTP/1.1" 302 0
INFO 2025-09-18 19:50:23,560 basehttp 38273 123145467936768 "HEAD /production-admin/settings/ HTTP/1.1" 302 0
INFO 2025-09-18 20:44:52,859 autoreload 43688 140704315424192 Watching for file changes with StatReloader
INFO 2025-09-19 15:19:57,310 autoreload 38273 140704315424192 /Users/youshi/Desktop/projects/biid/melty-pointapp/biid-pointapp-salute/backend/core/store_payment_urls.py changed, reloading.
